<?xml version="1.0" encoding="UTF-8"?>
<!-- Generated by org.testng.reporters.JUnitReportReporter -->
<testsuite skipped="0" hostname="Alin" name="ro.nila.tests.FirstTest" tests="1" failures="0" timestamp="05 Dec 2018 07:36:03 GMT" time="24.470" errors="0">
  <testcase name="testOne" time="24.470" classname="ro.nila.tests.FirstTest"/>
</testsuite> <!-- ro.nila.tests.FirstTest -->
