<?xml version="1.0" encoding="UTF-8"?>
<!-- Generated by org.testng.reporters.JUnitReportReporter -->
<testsuite skipped="0" hostname="Alin" name="ro.nila.tests.SecondTest" tests="1" failures="0" timestamp="05 Dec 2018 07:36:03 GMT" time="22.189" errors="0">
  <testcase name="testTwo" time="22.189" classname="ro.nila.tests.SecondTest"/>
</testsuite> <!-- ro.nila.tests.SecondTest -->
